Added Component: Designator=C1(FP-FKF-MFG)
Add component (AddParameter): Name = "Capacitance"; Value = "220uF"; VariantName = "[No Variations]"
Add component (AddParameter): Name = "Case/Package"; Value = "Radial"; VariantName = "[No Variations]"
Add component (AddParameter): Name = "Construction"; Value = "Cylindrical"; VariantName = "[No Variations]"
Add component (AddParameter): Name = "Contact Plating"; Value = "Tin"; VariantName = "[No Variations]"
Add component (AddParameter): Name = "Diameter"; Value = "8mm"; VariantName = "[No Variations]"
Add component (AddParameter): Name = "Dielectric Material"; Value = "Aluminium"; VariantName = "[No Variations]"
Add component (AddParameter): Name = "ESR (Equivalent Series Resistance)"; Value = "160mR"; VariantName = "[No Variations]"
Add component (AddParameter): Name = "Height"; Value = "10.2mm"; VariantName = "[No Variations]"
Add component (AddParameter): Name = "Height - Seated (Max)"; Value = "0.402inch"; VariantName = "[No Variations]"
Add component (AddParameter): Name = "Impedance"; Value = "160mR"; VariantName = "[No Variations]"
Add component (AddParameter): Name = "Lead Free"; Value = "Lead Free"; VariantName = "[No Variations]"
Add component (AddParameter): Name = "Leakage Current"; Value = "3uA"; VariantName = "[No Variations]"
Add component (AddParameter): Name = "Length"; Value = "10.2mm"; VariantName = "[No Variations]"
Add component (AddParameter): Name = "Life (Hours)"; Value = "2000Hour"; VariantName = "[No Variations]"
Add component (AddParameter): Name = "Material"; Value = "Aluminium"; VariantName = "[No Variations]"
Add component (AddParameter): Name = "Max Operating Temperature"; Value = "105°C"; VariantName = "[No Variations]"
Add component (AddParameter): Name = "Min Operating Temperature"; Value = "-55°C"; VariantName = "[No Variations]"
Add component (AddParameter): Name = "Mount"; Value = "Surface Mount"; VariantName = "[No Variations]"
Add component (AddParameter): Name = "Number of Pins"; Value = "2"; VariantName = "[No Variations]"
Add component (AddParameter): Name = "Package Quantity"; Value = "1"; VariantName = "[No Variations]"
Add component (AddParameter): Name = "Packaging"; Value = "Tape and Reel"; VariantName = "[No Variations]"
Add component (AddParameter): Name = "Radiation Hardening"; Value = "No"; VariantName = "[No Variations]"
Add component (AddParameter): Name = "REACH SVHC"; Value = "No SVHC"; VariantName = "[No Variations]"
Add component (AddParameter): Name = "Ripple Current"; Value = "600mA"; VariantName = "[No Variations]"
Add component (AddParameter): Name = "Ripple Current (AC)"; Value = "600mA"; VariantName = "[No Variations]"
Add component (AddParameter): Name = "RoHS Compliant"; Value = "Yes"; VariantName = "[No Variations]"
Add component (AddParameter): Name = "Series"; Value = "FK"; VariantName = "[No Variations]"
Add component (AddParameter): Name = "Size"; Value = "10.2mm"; VariantName = "[No Variations]"
Add component (AddParameter): Name = "Termination"; Value = "SMD/SMT"; VariantName = "[No Variations]"
Add component (AddParameter): Name = "Tolerance"; Value = "20%"; VariantName = "[No Variations]"
Add component (AddParameter): Name = "Voltage"; Value = "35V"; VariantName = "[No Variations]"
Add component (AddParameter): Name = "Voltage Rating"; Value = "35V"; VariantName = "[No Variations]"
Add component (AddParameter): Name = "Voltage Rating (DC)"; Value = "35V"; VariantName = "[No Variations]"
Add component (AddParameter): Name = "Width"; Value = "10mm"; VariantName = "[No Variations]"
Added Component: Designator=D1(CR_SOD-123FL_SME-L)
Add component (AddParameter): Name = "Mfr_Name"; Value = "SMC Diode Solutions"; VariantName = "[No Variations]"
Add component (AddParameter): Name = "RefDes"; Value = ""; VariantName = "[No Variations]"
Add component (AddParameter): Name = "Type"; Value = ""; VariantName = "[No Variations]"
Added Component: Designator=D2(CR_SOD-123FL_SME-L)
Add component (AddParameter): Name = "Mfr_Name"; Value = "SMC Diode Solutions"; VariantName = "[No Variations]"
Add component (AddParameter): Name = "RefDes"; Value = ""; VariantName = "[No Variations]"
Add component (AddParameter): Name = "Type"; Value = ""; VariantName = "[No Variations]"
Added Component: Designator=D3(CR_SOD-123FL_SME-L)
Add component (AddParameter): Name = "Mfr_Name"; Value = "SMC Diode Solutions"; VariantName = "[No Variations]"
Add component (AddParameter): Name = "RefDes"; Value = ""; VariantName = "[No Variations]"
Add component (AddParameter): Name = "Type"; Value = ""; VariantName = "[No Variations]"
Added Component: Designator=D4(CR_SOD-123FL_SME-L)
Add component (AddParameter): Name = "Mfr_Name"; Value = "SMC Diode Solutions"; VariantName = "[No Variations]"
Add component (AddParameter): Name = "RefDes"; Value = ""; VariantName = "[No Variations]"
Add component (AddParameter): Name = "Type"; Value = ""; VariantName = "[No Variations]"
Added Component: Designator=D5(WL-SMCW_1206_150120xx75000)
Add component (AddParameter): Name = "Case Code (Imperial)"; Value = "1206"; VariantName = "[No Variations]"
Add component (AddParameter): Name = "Case Code (Metric)"; Value = "3216"; VariantName = "[No Variations]"
Add component (AddParameter): Name = "Case/Package"; Value = "1206"; VariantName = "[No Variations]"
Add component (AddParameter): Name = "Color"; Value = "Green"; VariantName = "[No Variations]"
Add component (AddParameter): Name = "Dominant Wavelength"; Value = "525nm"; VariantName = "[No Variations]"
Add component (AddParameter): Name = "Forward Current"; Value = "100mA"; VariantName = "[No Variations]"
Add component (AddParameter): Name = "Forward Voltage"; Value = "3.2V"; VariantName = "[No Variations]"
Add component (AddParameter): Name = "Height"; Value = "680µm"; VariantName = "[No Variations]"
Add component (AddParameter): Name = "Length"; Value = "3.2mm"; VariantName = "[No Variations]"
Add component (AddParameter): Name = "Lens Style"; Value = "Clear, Rectangular"; VariantName = "[No Variations]"
Add component (AddParameter): Name = "Luminous Intensity"; Value = "450mcd"; VariantName = "[No Variations]"
Add component (AddParameter): Name = "Max Junction Temperature (Tj)"; Value = "95°C"; VariantName = "[No Variations]"
Add component (AddParameter): Name = "Max Operating Temperature"; Value = "85°C"; VariantName = "[No Variations]"
Add component (AddParameter): Name = "Max Reverse Voltage (DC)"; Value = "5V"; VariantName = "[No Variations]"
Add component (AddParameter): Name = "Min Operating Temperature"; Value = "-40°C"; VariantName = "[No Variations]"
Add component (AddParameter): Name = "Mount"; Value = "Surface Mount"; VariantName = "[No Variations]"
Add component (AddParameter): Name = "Packaging"; Value = "Tape and Reel"; VariantName = "[No Variations]"
Add component (AddParameter): Name = "Peak Wavelength"; Value = "515nm"; VariantName = "[No Variations]"
Add component (AddParameter): Name = "Power Dissipation"; Value = "105mW"; VariantName = "[No Variations]"
Add component (AddParameter): Name = "REACH SVHC"; Value = "Unknown"; VariantName = "[No Variations]"
Add component (AddParameter): Name = "Reverse Voltage"; Value = "5V"; VariantName = "[No Variations]"
Add component (AddParameter): Name = "RoHS"; Value = "Compliant"; VariantName = "[No Variations]"
Add component (AddParameter): Name = "Test Current"; Value = "20mA"; VariantName = "[No Variations]"
Add component (AddParameter): Name = "Viewing Angle"; Value = "140°"; VariantName = "[No Variations]"
Add component (AddParameter): Name = "Wavelength"; Value = "525nm"; VariantName = "[No Variations]"
Add component (AddParameter): Name = "Width"; Value = "1.6mm"; VariantName = "[No Variations]"
Added Component: Designator=D6(WL-SMCW_1206_150120xx75000)
Add component (AddParameter): Name = "Case Code (Imperial)"; Value = "1206"; VariantName = "[No Variations]"
Add component (AddParameter): Name = "Case Code (Metric)"; Value = "3216"; VariantName = "[No Variations]"
Add component (AddParameter): Name = "Case/Package"; Value = "1206"; VariantName = "[No Variations]"
Add component (AddParameter): Name = "Color"; Value = "Green"; VariantName = "[No Variations]"
Add component (AddParameter): Name = "Dominant Wavelength"; Value = "525nm"; VariantName = "[No Variations]"
Add component (AddParameter): Name = "Forward Current"; Value = "100mA"; VariantName = "[No Variations]"
Add component (AddParameter): Name = "Forward Voltage"; Value = "3.2V"; VariantName = "[No Variations]"
Add component (AddParameter): Name = "Height"; Value = "680µm"; VariantName = "[No Variations]"
Add component (AddParameter): Name = "Length"; Value = "3.2mm"; VariantName = "[No Variations]"
Add component (AddParameter): Name = "Lens Style"; Value = "Clear, Rectangular"; VariantName = "[No Variations]"
Add component (AddParameter): Name = "Luminous Intensity"; Value = "450mcd"; VariantName = "[No Variations]"
Add component (AddParameter): Name = "Max Junction Temperature (Tj)"; Value = "95°C"; VariantName = "[No Variations]"
Add component (AddParameter): Name = "Max Operating Temperature"; Value = "85°C"; VariantName = "[No Variations]"
Add component (AddParameter): Name = "Max Reverse Voltage (DC)"; Value = "5V"; VariantName = "[No Variations]"
Add component (AddParameter): Name = "Min Operating Temperature"; Value = "-40°C"; VariantName = "[No Variations]"
Add component (AddParameter): Name = "Mount"; Value = "Surface Mount"; VariantName = "[No Variations]"
Add component (AddParameter): Name = "Packaging"; Value = "Tape and Reel"; VariantName = "[No Variations]"
Add component (AddParameter): Name = "Peak Wavelength"; Value = "515nm"; VariantName = "[No Variations]"
Add component (AddParameter): Name = "Power Dissipation"; Value = "105mW"; VariantName = "[No Variations]"
Add component (AddParameter): Name = "REACH SVHC"; Value = "Unknown"; VariantName = "[No Variations]"
Add component (AddParameter): Name = "Reverse Voltage"; Value = "5V"; VariantName = "[No Variations]"
Add component (AddParameter): Name = "RoHS"; Value = "Compliant"; VariantName = "[No Variations]"
Add component (AddParameter): Name = "Test Current"; Value = "20mA"; VariantName = "[No Variations]"
Add component (AddParameter): Name = "Viewing Angle"; Value = "140°"; VariantName = "[No Variations]"
Add component (AddParameter): Name = "Wavelength"; Value = "525nm"; VariantName = "[No Variations]"
Add component (AddParameter): Name = "Width"; Value = "1.6mm"; VariantName = "[No Variations]"
Added Component: Designator=J1(SAMTEC_TS-115-T-A)
Add component (AddParameter): Name = "Availability"; Value = "Unavailable"; VariantName = "[No Variations]"
Add component (AddParameter): Name = "MF"; Value = "Samtec Inc."; VariantName = "[No Variations]"
Add component (AddParameter): Name = "MP"; Value = "TS-115-T-A"; VariantName = "[No Variations]"
Add component (AddParameter): Name = "Package"; Value = "None"; VariantName = "[No Variations]"
Add component (AddParameter): Name = "Price"; Value = "None"; VariantName = "[No Variations]"
Add component (AddParameter): Name = "Value"; Value = ""; VariantName = "[No Variations]"
Added Component: Designator=J2(SAMTEC_TS-115-T-A)
Add component (AddParameter): Name = "Availability"; Value = "Unavailable"; VariantName = "[No Variations]"
Add component (AddParameter): Name = "MF"; Value = "Samtec Inc."; VariantName = "[No Variations]"
Add component (AddParameter): Name = "MP"; Value = "TS-115-T-A"; VariantName = "[No Variations]"
Add component (AddParameter): Name = "Package"; Value = "None"; VariantName = "[No Variations]"
Add component (AddParameter): Name = "Price"; Value = "None"; VariantName = "[No Variations]"
Add component (AddParameter): Name = "Value"; Value = ""; VariantName = "[No Variations]"
Add Component: Footprint Not Found SAMTEC_TS-104-G-AA
Added Component: Designator=J4(SULLINS_GRPB021VWVN-RC)
Add component (AddParameter): Name = "Availability"; Value = "Unavailable"; VariantName = "[No Variations]"
Add component (AddParameter): Name = "MF"; Value = ""; VariantName = "[No Variations]"
Add component (AddParameter): Name = "MP"; Value = "GRPB021VWVN-RC"; VariantName = "[No Variations]"
Add component (AddParameter): Name = "Package"; Value = "None"; VariantName = "[No Variations]"
Add component (AddParameter): Name = "Price"; Value = "None"; VariantName = "[No Variations]"
Add component (AddParameter): Name = "Value"; Value = ""; VariantName = "[No Variations]"
Added Component: Designator=J5(CUI-PJ-002A_V)
Add component (AddParameter): Name = "Brand"; Value = "CUI"; VariantName = "[No Variations]"
Add component (AddParameter): Name = "Connector Type"; Value = "DCPowerJack"; VariantName = "[No Variations]"
Add component (AddParameter): Name = "Contact Gender"; Value = "Male"; VariantName = "[No Variations]"
Add component (AddParameter): Name = "Contact Material"; Value = "Copper"; VariantName = "[No Variations]"
Add component (AddParameter): Name = "Contact Plating"; Value = "Nickel"; VariantName = "[No Variations]"
Add component (AddParameter): Name = "Current Rating"; Value = "2.5A"; VariantName = "[No Variations]"
Add component (AddParameter): Name = "Datasheet URL"; Value = "http://www.cui.com/product/resource/pj-002a.pdf"; VariantName = "[No Variations]"
Add component (AddParameter): Name = "Datasheet Version"; Value = "Rev. 1.03, 04/2016"; VariantName = "[No Variations]"
Add component (AddParameter): Name = "Factory Pack Quantity"; Value = "500"; VariantName = "[No Variations]"
Add component (AddParameter): Name = "Flammability Rating"; Value = "UL94V-0"; VariantName = "[No Variations]"
Add component (AddParameter): Name = "Housing Material"; Value = "PolybutyleneTerephthalate(PBT)"; VariantName = "[No Variations]"
Add component (AddParameter): Name = "Inside Contact Diameter"; Value = "2mm"; VariantName = "[No Variations]"
Add component (AddParameter): Name = "Insulation Resistance"; Value = "50MOhms"; VariantName = "[No Variations]"
Add component (AddParameter): Name = "Manufacturer"; Value = "CUIInc."; VariantName = "[No Variations]"
Add component (AddParameter): Name = "Manufacturer URL"; Value = "http://www.cui.com/"; VariantName = "[No Variations]"
Add component (AddParameter): Name = "Mounting Angle"; Value = "Right"; VariantName = "[No Variations]"
Add component (AddParameter): Name = "Mounting Style"; Value = "ThroughHole"; VariantName = "[No Variations]"
Add component (AddParameter): Name = "Mounting Technology"; Value = "ThroughHole"; VariantName = "[No Variations]"
Add component (AddParameter): Name = "Operating Temperature Range"; Value = "-25Cto+85C"; VariantName = "[No Variations]"
Add component (AddParameter): Name = "Outside Contact Diameter"; Value = "6.5mm"; VariantName = "[No Variations]"
Add component (AddParameter): Name = "Package Description"; Value = "3-Pin Through Hole Device, Body 14.4 x 9 mm, Height 11 mm"; VariantName = "[No Variations]"
Add component (AddParameter): Name = "Package Reference"; Value = "PJ-002A"; VariantName = "[No Variations]"
Add component (AddParameter): Name = "Product"; Value = "Jacks"; VariantName = "[No Variations]"
Add component (AddParameter): Name = "Product Category"; Value = "DCPowerConnectors"; VariantName = "[No Variations]"
Add component (AddParameter): Name = "RoHS"; Value = "True"; VariantName = "[No Variations]"
Add component (AddParameter): Name = "Termination Style"; Value = "ThroughHole"; VariantName = "[No Variations]"
Add component (AddParameter): Name = "Voltage Rating"; Value = "24V"; VariantName = "[No Variations]"
Added Component: Designator=J6(SAMTEC_TS-106-G-AA)
Add component (AddParameter): Name = "Availability"; Value = "In Stock"; VariantName = "[No Variations]"
Add component (AddParameter): Name = "Check_prices"; Value = "https://www.snapeda.com/parts/TS-106-G-AA/Samtec/view-part/?ref=eda"; VariantName = "[No Variations]"
Add component (AddParameter): Name = "MF"; Value = "Samtec"; VariantName = "[No Variations]"
Add component (AddParameter): Name = "MP"; Value = "TS-106-G-AA"; VariantName = "[No Variations]"
Add component (AddParameter): Name = "Package"; Value = "None"; VariantName = "[No Variations]"
Add component (AddParameter): Name = "Price"; Value = "None"; VariantName = "[No Variations]"
Add component (AddParameter): Name = "Purchase-URL"; Value = "https://pricing.snapeda.com/search/part/TS-106-G-AA/?ref=eda"; VariantName = "[No Variations]"
Add component (AddParameter): Name = "SnapEDA_Link"; Value = "https://www.snapeda.com/parts/TS-106-G-AA/Samtec/view-part/?ref=snap"; VariantName = "[No Variations]"
Add component (AddParameter): Name = "Value"; Value = ""; VariantName = "[No Variations]"
Added Component: Designator=J?(SULLINS_GRPB021VWVN-RC)
Add component (AddParameter): Name = "Availability"; Value = "Unavailable"; VariantName = "[No Variations]"
Add component (AddParameter): Name = "MF"; Value = ""; VariantName = "[No Variations]"
Add component (AddParameter): Name = "MP"; Value = "GRPB021VWVN-RC"; VariantName = "[No Variations]"
Add component (AddParameter): Name = "Package"; Value = "None"; VariantName = "[No Variations]"
Add component (AddParameter): Name = "Price"; Value = "None"; VariantName = "[No Variations]"
Add component (AddParameter): Name = "Value"; Value = ""; VariantName = "[No Variations]"
Added Component: Designator=R1(RESC3216X70X50LL05T20)
Add component (AddParameter): Name = "Manufacturer"; Value = "Panasonic"; VariantName = "[No Variations]"
Add component (AddParameter): Name = "Part Number"; Value = "ERJ-8ENF1001V"; VariantName = "[No Variations]"
Added Component: Designator=R2(RESC3216X70X50LL05T20)
Add component (AddParameter): Name = "Manufacturer"; Value = "Panasonic"; VariantName = "[No Variations]"
Add component (AddParameter): Name = "Part Number"; Value = "ERJ-8ENF1001V"; VariantName = "[No Variations]"
Added Component: Designator=U1(STM-FM-15)
Add component (AddParameter): Name = "Automotive Qualification Standard"; Value = "-"; VariantName = "[No Variations]"
Add component (AddParameter): Name = "Datasheet URL"; Value = "https://datasheet.ciiva.com/15109/getdatasheetpartid-50682-15109332.pdf"; VariantName = "[No Variations]"
Add component (AddParameter): Name = "Datasheet Version"; Value = "01/2000"; VariantName = "[No Variations]"
Add component (AddParameter): Name = "Driver Case Style"; Value = "Multiwatt"; VariantName = "[No Variations]"
Add component (AddParameter): Name = "Manufacturer"; Value = "STMicroelectronics"; VariantName = "[No Variations]"
Add component (AddParameter): Name = "Manufacturer URL"; Value = "http://www.st.com/"; VariantName = "[No Variations]"
Add component (AddParameter): Name = "Motor Type"; Value = "FullBridge"; VariantName = "[No Variations]"
Add component (AddParameter): Name = "Mounting Technology"; Value = "ThroughHole"; VariantName = "[No Variations]"
Add component (AddParameter): Name = "MSL"; Value = "-"; VariantName = "[No Variations]"
Add component (AddParameter): Name = "No. of Outputs"; Value = "4Outputs"; VariantName = "[No Variations]"
Add component (AddParameter): Name = "No. of Pins"; Value = "15Pins"; VariantName = "[No Variations]"
Add component (AddParameter): Name = "Operating Temperature Max"; Value = "130°C"; VariantName = "[No Variations]"
Add component (AddParameter): Name = "Operating Temperature Min"; Value = "-25°C"; VariantName = "[No Variations]"
Add component (AddParameter): Name = "Output Current"; Value = "2A"; VariantName = "[No Variations]"
Add component (AddParameter): Name = "Output Voltage"; Value = "46V"; VariantName = "[No Variations]"
Add component (AddParameter): Name = "Package Description"; Value = "15-Pin Flange Mount, Body 5 x 19.6 mm, Pitch 1.27 mm"; VariantName = "[No Variations]"
Add component (AddParameter): Name = "Package Reference"; Value = "FM-15"; VariantName = "[No Variations]"
Add component (AddParameter): Name = "Packaging"; Value = "Each"; VariantName = "[No Variations]"
Add component (AddParameter): Name = "PartNumber"; Value = "L298"; VariantName = "[No Variations]"
Add component (AddParameter): Name = "Product Range"; Value = "-"; VariantName = "[No Variations]"
Add component (AddParameter): Name = "Supply Voltage Max"; Value = "7V"; VariantName = "[No Variations]"
Add component (AddParameter): Name = "Supply Voltage Min"; Value = "4.5V"; VariantName = "[No Variations]"
Add component (AddParameter): Name = "SVHC"; Value = "NoSVHC(17-Dec-2015)"; VariantName = "[No Variations]"
Added Pin To Net: NetName=+5 Pin=J1-15
Added Pin To Net: NetName=+5 Pin=J6-05
Added Pin To Net: NetName=+5 Pin=U1-4
Added Net: Name=+5
Added Pin To Net: NetName=+12 Pin=C1-2
Added Pin To Net: NetName=+12 Pin=D1-1
Added Pin To Net: NetName=+12 Pin=D2-1
Added Pin To Net: NetName=+12 Pin=J5-1
Added Pin To Net: NetName=+12 Pin=R2-2
Added Pin To Net: NetName=+12 Pin=U1-9
Added Net: Name=+12
Added Pin To Net: NetName=En_A Pin=J1-05
Added Pin To Net: NetName=En_A Pin=J4-01
Added Pin To Net: NetName=En_A Pin=U1-6
Added Net: Name=En_A
Added Pin To Net: NetName=ENC_A Pin=J1-08
Added Pin To Net: NetName=ENC_A Pin=J6-03
Added Net: Name=ENC_A
Added Pin To Net: NetName=ENC_B Pin=J1-07
Added Pin To Net: NetName=ENC_B Pin=J6-04
Added Net: Name=ENC_B
Added Pin To Net: NetName=GND Pin=C1-1
Added Pin To Net: NetName=GND Pin=D3-2
Added Pin To Net: NetName=GND Pin=D4-2
Added Pin To Net: NetName=GND Pin=D5-1
Added Pin To Net: NetName=GND Pin=D6-1
Added Pin To Net: NetName=GND Pin=J1-14
Added Pin To Net: NetName=GND Pin=J2-14
Added Pin To Net: NetName=GND Pin=J4-02
Added Pin To Net: NetName=GND Pin=J5-2
Added Pin To Net: NetName=GND Pin=J5-3
Added Pin To Net: NetName=GND Pin=J6-02
Added Pin To Net: NetName=GND Pin=U1-1
Added Pin To Net: NetName=GND Pin=U1-8
Added Net: Name=GND
Added Pin To Net: NetName=IN1 Pin=J1-10
Added Pin To Net: NetName=IN1 Pin=U1-5
Added Net: Name=IN1
Added Pin To Net: NetName=IN2 Pin=J1-11
Added Pin To Net: NetName=IN2 Pin=U1-7
Added Net: Name=IN2
Added Pin To Net: NetName=M+ Pin=D2-2
Added Pin To Net: NetName=M+ Pin=D4-1
Added Pin To Net: NetName=M+ Pin=J6-06
Added Pin To Net: NetName=M+ Pin=J?-01
Added Pin To Net: NetName=M+ Pin=U1-2
Added Net: Name=M+
Added Pin To Net: NetName=M- Pin=D1-2
Added Pin To Net: NetName=M- Pin=D3-1
Added Pin To Net: NetName=M- Pin=J6-01
Added Pin To Net: NetName=M- Pin=J?-02
Added Pin To Net: NetName=M- Pin=U1-3
Added Net: Name=M-
Added Pin To Net: NetName=NetD5_2 Pin=D5-2
Added Pin To Net: NetName=NetD5_2 Pin=R1-1
Added Net: Name=NetD5_2
Added Pin To Net: NetName=NetD6_2 Pin=D6-2
Added Pin To Net: NetName=NetD6_2 Pin=R2-1
Added Net: Name=NetD6_2
Added Pin To Net: NetName=SCL Pin=J2-02
Added Net: Name=SCL
Added Pin To Net: NetName=SDA Pin=J2-05
Added Net: Name=SDA
Added Pin To Net: NetName=VCC Pin=J2-15
Added Pin To Net: NetName=VCC Pin=R1-2
Added Net: Name=VCC
Added Class: Name=MotorPID
